<testsuites>
  <testsuite name="Shopping_Cart_CBM">
    <testcase classname="GreenSQA.AiMaps.CustomLogic.SmartMap+Monitor" name="A_AddProducts" time="20.77" />
    <testcase classname="GreenSQA.AiMaps.CustomLogic.SmartMap+Monitor" name="B_ShoppingCart" time="9.225" />
    <testcase classname="GreenSQA.AiMaps.CustomLogic.SmartMap+Monitor" name="C_IncreaseProducts" time="2.636" />
    <testcase classname="GreenSQA.AiMaps.CustomLogic.SmartMap+Monitor" name="D_ValidateTotals" time="1.051" />
    <testcase classname="GreenSQA.AiMaps.CustomLogic.SmartMap+Monitor" name="E_ClearProducts" time="0.278" />
    <testcase classname="GreenSQA.AiMaps.CustomLogic.SmartMap+Monitor" name="A_AddProducts" time="21.45" />
    <testcase classname="GreenSQA.AiMaps.CustomLogic.SmartMap+Monitor" name="B_ShoppingCart" time="2.44" />
    <testcase classname="GreenSQA.AiMaps.CustomLogic.SmartMap+Monitor" name="C_IncreaseProducts" time="2.697" />
    <testcase classname="GreenSQA.AiMaps.CustomLogic.SmartMap+Monitor" name="D_ValidateTotals" time="1.046" />
    <testcase classname="GreenSQA.AiMaps.CustomLogic.SmartMap+Monitor" name="E_ClearProducts" time="0.303" />
    <testcase classname="GreenSQA.AiMaps.CustomLogic.SmartMap+Monitor" name="A_AddProducts" time="29.758">
      <failure message="Error (AddProducts).(ExtractPrice).SeExtractElementText() -- Action not executed for the element By.XPath: //span[@id='priceblock_ourprice'] - El índice estaba fuera del intervalo. Debe ser un valor no negativo e inferior al tamaño de la colección.Nombre del parámetro: index " type="ERROR">
      </failure>
    </testcase>
    <testcase classname="GreenSQA.AiMaps.CustomLogic.SmartMap+Monitor" name="A_AddProducts" time="21.612">
      <failure message="Error (AddProducts).(ExtractPrice).SeExtractElementText() -- Action not executed for the element By.XPath: //span[@class='a-price a-text-price a-size-medium'] - El índice estaba fuera del intervalo. Debe ser un valor no negativo e inferior al tamaño de la colección.Nombre del parámetro: index " type="ERROR">
      </failure>
    </testcase>
    <testcase classname="GreenSQA.AiMaps.CustomLogic.SmartMap+Monitor" name="A_AddProducts" time="22.296" />
    <testcase classname="GreenSQA.AiMaps.CustomLogic.SmartMap+Monitor" name="B_ShoppingCart" time="2.181">
      <failure message="Error (ShoppingCart).(ExtractValueProduct1).ComputeCalculusExpression() -- Invalid step path [ShoppingCart&gt;ExtractNameProduct] use [x&gt;y] form " type="ERROR">
      </failure>
    </testcase>
    <testcase classname="GreenSQA.AiMaps.CustomLogic.SmartMap+Monitor" name="A_AddProducts" time="21.145" />
    <testcase classname="GreenSQA.AiMaps.CustomLogic.SmartMap+Monitor" name="B_ShoppingCart" time="2.514" />
    <testcase classname="GreenSQA.AiMaps.CustomLogic.SmartMap+Monitor" name="C_IncreaseProducts" time="2.678" />
    <testcase classname="GreenSQA.AiMaps.CustomLogic.SmartMap+Monitor" name="D_ValidateTotals" time="1.062">
      <failure message="Invalid step path [ShoppingCart&gt;ExtractNameProduct] use [x&gt;y] form" type="ERROR">
      </failure>
    </testcase>
    <testcase classname="GreenSQA.AiMaps.CustomLogic.SmartMap+Monitor" name="A_AddProducts" time="26.924" />
    <testcase classname="GreenSQA.AiMaps.CustomLogic.SmartMap+Monitor" name="B_ShoppingCart" time="2.368" />
    <testcase classname="GreenSQA.AiMaps.CustomLogic.SmartMap+Monitor" name="C_IncreaseProducts" time="2.696" />
    <testcase classname="GreenSQA.AiMaps.CustomLogic.SmartMap+Monitor" name="D_ValidateTotals" time="1.033" />
    <testcase classname="GreenSQA.AiMaps.CustomLogic.SmartMap+Monitor" name="E_ClearProducts" time="0.421" />
    <testcase classname="GreenSQA.AiMaps.CustomLogic.SmartMap+Monitor" name="A_AddProducts" time="19.677" />
    <testcase classname="GreenSQA.AiMaps.CustomLogic.SmartMap+Monitor" name="B_ShoppingCart" time="1.834" />
    <testcase classname="GreenSQA.AiMaps.CustomLogic.SmartMap+Monitor" name="C_IncreaseProducts" time="2.71" />
    <testcase classname="GreenSQA.AiMaps.CustomLogic.SmartMap+Monitor" name="D_ValidateTotals" time="1.043" />
    <testcase classname="GreenSQA.AiMaps.CustomLogic.SmartMap+Monitor" name="E_ClearProducts" time="0.44" />
    <testcase classname="GreenSQA.AiMaps.CustomLogic.SmartMap+Monitor" name="A_AddProducts" time="22.733" />
    <testcase classname="GreenSQA.AiMaps.CustomLogic.SmartMap+Monitor" name="B_ShoppingCart" time="2.351" />
    <testcase classname="GreenSQA.AiMaps.CustomLogic.SmartMap+Monitor" name="C_IncreaseProducts" time="2.7" />
    <testcase classname="GreenSQA.AiMaps.CustomLogic.SmartMap+Monitor" name="D_ValidateTotals" time="1.053" />
    <testcase classname="GreenSQA.AiMaps.CustomLogic.SmartMap+Monitor" name="E_ClearProducts" time="0.459" />
  </testsuite>
</testsuites>