<testsuites>
  <testsuite name="Shopping_Cart_CBM">
    <testcase classname="GreenSQA.AiMaps.CustomLogic.SmartMap+Monitor" name="A_AddProducts" time="59.193" />
    <testcase classname="GreenSQA.AiMaps.CustomLogic.SmartMap+Monitor" name="B_ShoppingCart" time="5.258" />
    <testcase classname="GreenSQA.AiMaps.CustomLogic.SmartMap+Monitor" name="C_IncreaseProducts" time="2.633" />
    <testcase classname="GreenSQA.AiMaps.CustomLogic.SmartMap+Monitor" name="D_ValidateTotals" time="1.059" />
    <testcase classname="GreenSQA.AiMaps.CustomLogic.SmartMap+Monitor" name="E_ClearProducts" time="0.701" />
    <testcase classname="GreenSQA.AiMaps.CustomLogic.SmartMap+Monitor" name="A_AddProducts" time="32.766" />
    <testcase classname="GreenSQA.AiMaps.CustomLogic.SmartMap+Monitor" name="B_ShoppingCart" time="1.863" />
    <testcase classname="GreenSQA.AiMaps.CustomLogic.SmartMap+Monitor" name="C_IncreaseProducts" time="2.67" />
    <testcase classname="GreenSQA.AiMaps.CustomLogic.SmartMap+Monitor" name="D_ValidateTotals" time="1.07" />
    <testcase classname="GreenSQA.AiMaps.CustomLogic.SmartMap+Monitor" name="E_ClearProducts" time="0.378" />
  </testsuite>
</testsuites>