<testsuites>
  <testsuite name="">
    <testcase classname="GreenSQA.AiMaps.CustomLogic.SmartMap+GreenHeart" name="A_VerificarDisponibilidadPortal" time="47.501">
      <failure message="El portal no se ha cargado correctamente" type="ERROR">
      </failure>
    </testcase>
    <testcase classname="GreenSQA.AiMaps.CustomLogic.SmartMap+GreenHeart" name="A_VerificarDisponibilidadPortal" time="11.773" />
    <testcase classname="GreenSQA.AiMaps.CustomLogic.SmartMap+GreenHeart" name="B_HacerPago" time="22.301" />
    <testcase classname="GreenSQA.AiMaps.CustomLogic.SmartMap+GreenHeart" name="C_PortalDePagos" time="20.569">
      <failure message="Error (C_PortalDePagos).(ClicPagar).SeClick() -- Action not executed for the element By.XPath: //td[@class='btn-pay']/a - El índice estaba fuera del intervalo. Debe ser un valor no negativo e inferior al tamaño de la colección.Nombre del parámetro: index " type="ERROR">
      </failure>
    </testcase>
    <testcase classname="GreenSQA.AiMaps.CustomLogic.SmartMap+GreenHeart" name="A_VerificarDisponibilidadPortal" time="9.765" />
    <testcase classname="GreenSQA.AiMaps.CustomLogic.SmartMap+GreenHeart" name="B_HacerPago" time="15.022" />
    <testcase classname="GreenSQA.AiMaps.CustomLogic.SmartMap+GreenHeart" name="C_PortalDePagos" time="7.011" />
    <testcase classname="GreenSQA.AiMaps.CustomLogic.SmartMap+GreenHeart" name="A_VerificarDisponibilidadPortal" time="6.057" />
    <testcase classname="GreenSQA.AiMaps.CustomLogic.SmartMap+GreenHeart" name="B_HacerPago" time="14.934" />
    <testcase classname="GreenSQA.AiMaps.CustomLogic.SmartMap+GreenHeart" name="C_PortalDePagos" time="12.046">
      <failure message="Error (C_PortalDePagos).(EscribirServicio).SeClear() -- Action not executed for the element By.XPath: //div[@class='input-search']/input - El índice estaba fuera del intervalo. Debe ser un valor no negativo e inferior al tamaño de la colección.Nombre del parámetro: index " type="ERROR">
      </failure>
    </testcase>
    <testcase classname="GreenSQA.AiMaps.CustomLogic.SmartMap+GreenHeart" name="A_VerificarDisponibilidadPortal" time="12.744" />
    <testcase classname="GreenSQA.AiMaps.CustomLogic.SmartMap+GreenHeart" name="B_HacerPago" time="13.009" />
    <testcase classname="GreenSQA.AiMaps.CustomLogic.SmartMap+GreenHeart" name="C_PortalDePagos" time="3.71" />
    <testcase classname="GreenSQA.AiMaps.CustomLogic.SmartMap+GreenHeart" name="A_VerificarDisponibilidadPortal" time="5.621" />
    <testcase classname="GreenSQA.AiMaps.CustomLogic.SmartMap+GreenHeart" name="B_HacerPago" time="18.407" />
    <testcase classname="GreenSQA.AiMaps.CustomLogic.SmartMap+GreenHeart" name="C_PortalDePagos" time="3.593" />
    <testcase classname="GreenSQA.AiMaps.CustomLogic.SmartMap+GreenHeart" name="A_VerificarDisponibilidadPortal" time="13.68" />
    <testcase classname="GreenSQA.AiMaps.CustomLogic.SmartMap+GreenHeart" name="B_HacerPago" time="8.975" />
    <testcase classname="GreenSQA.AiMaps.CustomLogic.SmartMap+GreenHeart" name="C_PortalDePagos" time="12.033">
      <failure message="Error (C_PortalDePagos).(EscribirServicio).SeClear() -- Action not executed for the element By.XPath: //div[@class='input-search']/input - El índice estaba fuera del intervalo. Debe ser un valor no negativo e inferior al tamaño de la colección.Nombre del parámetro: index " type="ERROR">
      </failure>
    </testcase>
    <testcase classname="GreenSQA.AiMaps.CustomLogic.SmartMap+GreenHeart" name="A_VerificarDisponibilidadPortal" time="7.883" />
    <testcase classname="GreenSQA.AiMaps.CustomLogic.SmartMap+GreenHeart" name="B_HacerPago" time="18.528">
      <failure message="No se cargó correctamente la opción Haz tus pagos" type="ERROR">
      </failure>
    </testcase>
    <testcase classname="GreenSQA.AiMaps.CustomLogic.SmartMap+GreenHeart" name="A_VerificarDisponibilidadPortal" time="12.51" />
    <testcase classname="GreenSQA.AiMaps.CustomLogic.SmartMap+GreenHeart" name="B_HacerPago" time="18.347">
      <failure message="No se cargó correctamente la opción Haz tus pagos" type="ERROR">
      </failure>
    </testcase>
    <testcase classname="GreenSQA.AiMaps.CustomLogic.SmartMap+GreenHeart" name="A_VerificarDisponibilidadPortal" time="6.902" />
    <testcase classname="GreenSQA.AiMaps.CustomLogic.SmartMap+GreenHeart" name="B_HacerPago" time="20.179">
      <failure message="No se cargó correctamente la opción Haz tus pagos" type="ERROR">
      </failure>
    </testcase>
    <testcase classname="GreenSQA.AiMaps.CustomLogic.SmartMap+GreenHeart" name="A_VerificarDisponibilidadPortal" time="6.852" />
    <testcase classname="GreenSQA.AiMaps.CustomLogic.SmartMap+GreenHeart" name="B_HacerPago" time="63.555">
      <failure message="Error (B_HacerPago).(DesplazarceAbajo).SeScrollDown() -- Unexpected error. System.Net.WebException: No es posible conectar con el servidor remoto ---&gt; System.Net.Sockets.SocketException: No se puede establecer una conexión ya que el equipo de destino denegó expresamente dicha conexión 127.0.0.1:55610   en System.Net.Sockets.Socket.DoConnect(EndPoint endPointSnapshot, SocketAddress socketAddress)   en System.Net.ServicePoint.ConnectSocketInternal(Boolean connectFailure, Socket s4, Socket s6, Socket&amp; socket, IPAddress&amp; address, ConnectSocketState state, IAsyncResult asyncResult, Exception&amp; exception)   --- Fin del seguimiento de la pila de la excepción interna ---   en System.Net.HttpWebRequest.GetRequestStream(TransportContext&amp; context)   en System.Net.HttpWebRequest.GetRequestStream()   en OpenQA.Selenium.Remote.HttpCommandExecutor.MakeHttpRequest(HttpRequestInfo requestInfo)   en OpenQA.Selenium.Remote.HttpCommandExecutor.Execute(Command commandToExecute)   en OpenQA.Selenium.Remote.DriverServiceCommandExecutor.Execute(Command commandToExecute)   en OpenQA.Selenium.Remote.RemoteWebDriver.Execute(String driverCommandToExecute, Dictionary`2 parameters) " type="ERROR">
      </failure>
    </testcase>
    <testcase classname="GreenSQA.AiMaps.CustomLogic.SmartMap+GreenHeart" name="A_VerificarDisponibilidadPortal" time="5.797" />
    <testcase classname="GreenSQA.AiMaps.CustomLogic.SmartMap+GreenHeart" name="B_HacerPago" time="22.209">
      <failure message="No se cargó correctamente la opción Haz tus pagos" type="ERROR">
      </failure>
    </testcase>
    <testcase classname="GreenSQA.AiMaps.CustomLogic.SmartMap+GreenHeart" name="A_VerificarDisponibilidadPortal" time="5.832" />
    <testcase classname="GreenSQA.AiMaps.CustomLogic.SmartMap+GreenHeart" name="B_HacerPago" time="24.849">
      <failure message="No se cargó correctamente la opción Haz tus pagos" type="ERROR">
      </failure>
    </testcase>
    <testcase classname="GreenSQA.AiMaps.CustomLogic.SmartMap+GreenHeart" name="A_VerificarDisponibilidadPortal" time="5.402" />
    <testcase classname="GreenSQA.AiMaps.CustomLogic.SmartMap+GreenHeart" name="B_HacerPago" time="25.604">
      <failure message="No se cargó correctamente la opción Haz tus pagos" type="ERROR">
      </failure>
    </testcase>
    <testcase classname="GreenSQA.AiMaps.CustomLogic.SmartMap+GreenHeart" name="A_VerificarDisponibilidadPortal" time="5.972" />
    <testcase classname="GreenSQA.AiMaps.CustomLogic.SmartMap+GreenHeart" name="B_HacerPago" time="18.269" />
    <testcase classname="GreenSQA.AiMaps.CustomLogic.SmartMap+GreenHeart" name="C_PortalDePagos" time="4.054" />
    <testcase classname="GreenSQA.AiMaps.CustomLogic.SmartMap+GreenHeart" name="A_VerificarDisponibilidadPortal" time="17.375" />
    <testcase classname="GreenSQA.AiMaps.CustomLogic.SmartMap+GreenHeart" name="B_HacerPago" time="9.058" />
    <testcase classname="GreenSQA.AiMaps.CustomLogic.SmartMap+GreenHeart" name="C_PortalDePagos" time="12.042">
      <failure message="Error (C_PortalDePagos).(EscribirServicio).SeClear() -- Action not executed for the element By.XPath: //div[@class='input-search']/input - El índice estaba fuera del intervalo. Debe ser un valor no negativo e inferior al tamaño de la colección.Nombre del parámetro: index " type="ERROR">
      </failure>
    </testcase>
    <testcase classname="GreenSQA.AiMaps.CustomLogic.SmartMap+GreenHeart" name="A_VerificarDisponibilidadPortal" time="5.674" />
    <testcase classname="GreenSQA.AiMaps.CustomLogic.SmartMap+GreenHeart" name="B_HacerPago" time="9.534">
      <failure message="Error (B_HacerPago).(DesplazarArriba).SeScrollUp() -- La cadena de entrada no tiene el formato correcto. " type="ERROR">
      </failure>
    </testcase>
    <testcase classname="GreenSQA.AiMaps.CustomLogic.SmartMap+GreenHeart" name="A_VerificarDisponibilidadPortal" time="5.587" />
    <testcase classname="GreenSQA.AiMaps.CustomLogic.SmartMap+GreenHeart" name="B_HacerPago" time="7.081">
      <failure message="Error (B_HacerPago).(DesplazarArriba).SeScrollUp() -- La cadena de entrada no tiene el formato correcto. " type="ERROR">
      </failure>
    </testcase>
    <testcase classname="GreenSQA.AiMaps.CustomLogic.SmartMap+GreenHeart" name="A_VerificarDisponibilidadPortal" time="10.368" />
    <testcase classname="GreenSQA.AiMaps.CustomLogic.SmartMap+GreenHeart" name="B_HacerPago" time="6.912">
      <failure message="Error (B_HacerPago).(DesplazarArriba).SeScrollUp() -- La cadena de entrada no tiene el formato correcto. " type="ERROR">
      </failure>
    </testcase>
    <testcase classname="GreenSQA.AiMaps.CustomLogic.SmartMap+GreenHeart" name="A_VerificarDisponibilidadPortal" time="9.601" />
    <testcase classname="GreenSQA.AiMaps.CustomLogic.SmartMap+GreenHeart" name="B_HacerPago" time="11.085" />
    <testcase classname="GreenSQA.AiMaps.CustomLogic.SmartMap+GreenHeart" name="C_PortalDePagos" time="4.787" />
    <testcase classname="GreenSQA.AiMaps.CustomLogic.SmartMap+GreenHeart" name="A_VerificarDisponibilidadPortal" time="62.134">
      <failure message="El portal no se ha cargado correctamente" type="ERROR">
      </failure>
    </testcase>
    <testcase classname="GreenSQA.AiMaps.CustomLogic.SmartMap+GreenHeart" name="A_VerificarDisponibilidadPortal" time="6.11" />
    <testcase classname="GreenSQA.AiMaps.CustomLogic.SmartMap+GreenHeart" name="B_HacerPago" time="15.889" />
    <testcase classname="GreenSQA.AiMaps.CustomLogic.SmartMap+GreenHeart" name="C_PortalDePagos" time="6.759" />
    <testcase classname="GreenSQA.AiMaps.CustomLogic.SmartMap+GreenHeart" name="A_VerificarDisponibilidadPortal" time="5.698" />
    <testcase classname="GreenSQA.AiMaps.CustomLogic.SmartMap+GreenHeart" name="B_HacerPago" time="12.725" />
    <testcase classname="GreenSQA.AiMaps.CustomLogic.SmartMap+GreenHeart" name="C_PortalDePagos" time="5.765" />
    <testcase classname="GreenSQA.AiMaps.CustomLogic.SmartMap+GreenHeart" name="A_VerificarDisponibilidadPortal" time="17.486" />
    <testcase classname="GreenSQA.AiMaps.CustomLogic.SmartMap+GreenHeart" name="B_HacerPago" time="8.306" />
    <testcase classname="GreenSQA.AiMaps.CustomLogic.SmartMap+GreenHeart" name="C_PortalDePagos" time="12.026">
      <failure message="Error (C_PortalDePagos).(EscribirServicio).SeClear() -- Action not executed for the element By.XPath: //div[@class='input-search']/input - El índice estaba fuera del intervalo. Debe ser un valor no negativo e inferior al tamaño de la colección.Nombre del parámetro: index " type="ERROR">
      </failure>
    </testcase>
    <testcase classname="GreenSQA.AiMaps.CustomLogic.SmartMap+GreenHeart" name="A_VerificarDisponibilidadPortal" time="5.712" />
    <testcase classname="GreenSQA.AiMaps.CustomLogic.SmartMap+GreenHeart" name="B_HacerPago" time="21.109" />
    <testcase classname="GreenSQA.AiMaps.CustomLogic.SmartMap+GreenHeart" name="C_PortalDePagos" time="7.646" />
    <testcase classname="GreenSQA.AiMaps.CustomLogic.SmartMap+GreenHeart" name="A_VerificarDisponibilidadPortal" time="9.439" />
    <testcase classname="GreenSQA.AiMaps.CustomLogic.SmartMap+GreenHeart" name="B_HacerPago" time="13.576" />
    <testcase classname="GreenSQA.AiMaps.CustomLogic.SmartMap+GreenHeart" name="C_PortalDePagos" time="12.029">
      <failure message="Error (C_PortalDePagos).(EscribirServicio).SeClear() -- Action not executed for the element By.XPath: //div[@class='input-search']/input - El índice estaba fuera del intervalo. Debe ser un valor no negativo e inferior al tamaño de la colección.Nombre del parámetro: index " type="ERROR">
      </failure>
    </testcase>
    <testcase classname="GreenSQA.AiMaps.CustomLogic.SmartMap+GreenHeart" name="A_VerificarDisponibilidadPortal" time="6.826" />
    <testcase classname="GreenSQA.AiMaps.CustomLogic.SmartMap+GreenHeart" name="B_HacerPago" time="11.626" />
    <testcase classname="GreenSQA.AiMaps.CustomLogic.SmartMap+GreenHeart" name="C_PortalDePagos" time="5.911" />
    <testcase classname="GreenSQA.AiMaps.CustomLogic.SmartMap+GreenHeart" name="A_VerificarDisponibilidadPortal" time="5.614" />
    <testcase classname="GreenSQA.AiMaps.CustomLogic.SmartMap+GreenHeart" name="B_HacerPago" time="28.201" />
    <testcase classname="GreenSQA.AiMaps.CustomLogic.SmartMap+GreenHeart" name="C_PortalDePagos" time="6.661" />
    <testcase classname="GreenSQA.AiMaps.CustomLogic.SmartMap+GreenHeart" name="A_VerificarDisponibilidadPortal" time="16.855" />
    <testcase classname="GreenSQA.AiMaps.CustomLogic.SmartMap+GreenHeart" name="B_HacerPago" time="19.524">
      <failure message="Error (B_HacerPago).(DesplazarceAbajo).SeScrollDown() -- Unexpected error. System.Net.WebException: No es posible conectar con el servidor remoto ---&gt; System.Net.Sockets.SocketException: No se puede establecer una conexión ya que el equipo de destino denegó expresamente dicha conexión 127.0.0.1:59817   en System.Net.Sockets.Socket.DoConnect(EndPoint endPointSnapshot, SocketAddress socketAddress)   en System.Net.ServicePoint.ConnectSocketInternal(Boolean connectFailure, Socket s4, Socket s6, Socket&amp; socket, IPAddress&amp; address, ConnectSocketState state, IAsyncResult asyncResult, Exception&amp; exception)   --- Fin del seguimiento de la pila de la excepción interna ---   en System.Net.HttpWebRequest.GetRequestStream(TransportContext&amp; context)   en System.Net.HttpWebRequest.GetRequestStream()   en OpenQA.Selenium.Remote.HttpCommandExecutor.MakeHttpRequest(HttpRequestInfo requestInfo)   en OpenQA.Selenium.Remote.HttpCommandExecutor.Execute(Command commandToExecute)   en OpenQA.Selenium.Remote.DriverServiceCommandExecutor.Execute(Command commandToExecute)   en OpenQA.Selenium.Remote.RemoteWebDriver.Execute(String driverCommandToExecute, Dictionary`2 parameters) " type="ERROR">
      </failure>
    </testcase>
    <testcase classname="GreenSQA.AiMaps.CustomLogic.SmartMap+GreenHeart" name="A_VerificarDisponibilidadPortal" time="18.842" />
    <testcase classname="GreenSQA.AiMaps.CustomLogic.SmartMap+GreenHeart" name="B_HacerPago" time="12.262">
      <failure message="Error (B_HacerPago).(ClicHazPago).SeClick() -- Action not executed for the element By.LinkText: Haz tus pagos - element click intercepted: Element &lt;a class=&quot;u-link&quot; href=&quot;/wps/portal/banco-de-occidente/bancodeoccidente/canales-servicios/encuentranos/haz-tus-pagos&quot; title=&quot;Haz tus pagos&quot; target=&quot;&quot; onclick=&quot;dataLayer.push({'event': 'eventOcc','eventCategory': 'Header','eventAction': 'ClicHeader','eventLabel': 'BtnHeaderHazTusPagos'});&quot;&gt;...&lt;/a&gt; is not clickable at point (880, 22). Other element would receive the click: &lt;div class=&quot;modal&quot; data-popup=&quot;popup-028&quot; id=&quot;circular028&quot; style=&quot;display: block;&quot;&gt;...&lt;/div&gt;  (Session info: chrome=113.0.5672.126) " type="ERROR">
      </failure>
    </testcase>
    <testcase classname="GreenSQA.AiMaps.CustomLogic.SmartMap+GreenHeart" name="A_VerificarDisponibilidadPortal" time="6.928" />
    <testcase classname="GreenSQA.AiMaps.CustomLogic.SmartMap+GreenHeart" name="B_HacerPago" time="69.25">
      <failure message="Error (B_HacerPago).(DesplazarArriba).SeScrollUp() -- The HTTP request to the remote WebDriver server for URL http://localhost:60980/session/79f626dfc703751248c0ec32b6c372c3/execute/sync timed out after 60 seconds. " type="ERROR">
      </failure>
    </testcase>
  </testsuite>
</testsuites>