<testsuites>
  <testsuite name="">
    <testcase classname="GreenSQA.AiMaps.CustomLogic.SmartMap+GreenHeart" name="ValidarDisponibilidad" time="6.284" />
    <testcase classname="GreenSQA.AiMaps.CustomLogic.SmartMap+GreenHeart" name="Chatbot" time="15.376">
      <failure message="El Chatbot Olguita no se encuentra disponible" type="ERROR">
      </failure>
    </testcase>
    <testcase classname="GreenSQA.AiMaps.CustomLogic.SmartMap+GreenHeart" name="ValidarDisponibilidad" time="6.122" />
    <testcase classname="GreenSQA.AiMaps.CustomLogic.SmartMap+GreenHeart" name="Chatbot" time="14.499">
      <failure message="El Chatbot Olguita no se encuentra disponible" type="ERROR">
      </failure>
    </testcase>
    <testcase classname="GreenSQA.AiMaps.CustomLogic.SmartMap+GreenHeart" name="ValidarDisponibilidad" time="8.64" />
    <testcase classname="GreenSQA.AiMaps.CustomLogic.SmartMap+GreenHeart" name="Chatbot" time="14.994">
      <failure message="El Chatbot Olguita no se encuentra disponible" type="ERROR">
      </failure>
    </testcase>
    <testcase classname="GreenSQA.AiMaps.CustomLogic.SmartMap+GreenHeart" name="ValidarDisponibilidad" time="6.256" />
    <testcase classname="GreenSQA.AiMaps.CustomLogic.SmartMap+GreenHeart" name="Chatbot" time="3.102" />
    <testcase classname="GreenSQA.AiMaps.CustomLogic.SmartMap+GreenHeart" name="Menu" time="0.662" />
    <testcase classname="GreenSQA.AiMaps.CustomLogic.SmartMap+GreenHeart" name="TuFactura" time="12.96">
      <failure message="No se puede escribir" type="ERROR">
      </failure>
    </testcase>
    <testcase classname="GreenSQA.AiMaps.CustomLogic.SmartMap+GreenHeart" name="ValidarDisponibilidad" time="6.57" />
    <testcase classname="GreenSQA.AiMaps.CustomLogic.SmartMap+GreenHeart" name="Chatbot" time="15.133">
      <failure message="El Chatbot Olguita no se encuentra disponible" type="ERROR">
      </failure>
    </testcase>
    <testcase classname="GreenSQA.AiMaps.CustomLogic.SmartMap+GreenHeart" name="ValidarDisponibilidad" time="6.169" />
    <testcase classname="GreenSQA.AiMaps.CustomLogic.SmartMap+GreenHeart" name="Chatbot" time="15.119">
      <failure message="El Chatbot Olguita no se encuentra disponible" type="ERROR">
      </failure>
    </testcase>
    <testcase classname="GreenSQA.AiMaps.CustomLogic.SmartMap+GreenHeart" name="ValidarDisponibilidad" time="15.454">
      <failure message="Error (ValidarDisponibilidad).(CerrarPropaganda).SeClick() -- Action not executed for the element By.XPath: //button[@title='Close (Esc)'] - El índice estaba fuera del intervalo. Debe ser un valor no negativo e inferior al tamaño de la colección.Nombre del parámetro: index " type="ERROR">
      </failure>
    </testcase>
    <testcase classname="GreenSQA.AiMaps.CustomLogic.SmartMap+GreenHeart" name="ValidarDisponibilidad" time="13.147" />
    <testcase classname="GreenSQA.AiMaps.CustomLogic.SmartMap+GreenHeart" name="Chatbot" time="3.481" />
    <testcase classname="GreenSQA.AiMaps.CustomLogic.SmartMap+GreenHeart" name="Menu" time="12.174">
      <failure message="El menú prinicipal no está disponible" type="ERROR">
      </failure>
    </testcase>
    <testcase classname="GreenSQA.AiMaps.CustomLogic.SmartMap+GreenHeart" name="ValidarDisponibilidad" time="15.904" />
    <testcase classname="GreenSQA.AiMaps.CustomLogic.SmartMap+GreenHeart" name="Chatbot" time="12.26" />
    <testcase classname="GreenSQA.AiMaps.CustomLogic.SmartMap+GreenHeart" name="Menu" time="0.687" />
    <testcase classname="GreenSQA.AiMaps.CustomLogic.SmartMap+GreenHeart" name="TuFactura" time="5.167" />
    <testcase classname="GreenSQA.AiMaps.CustomLogic.SmartMap+GreenHeart" name="ValidarDisponibilidad" time="13.066" />
    <testcase classname="GreenSQA.AiMaps.CustomLogic.SmartMap+GreenHeart" name="Chatbot" time="5.705" />
    <testcase classname="GreenSQA.AiMaps.CustomLogic.SmartMap+GreenHeart" name="Menu" time="0.728" />
    <testcase classname="GreenSQA.AiMaps.CustomLogic.SmartMap+GreenHeart" name="TuFactura" time="5.484" />
    <testcase classname="GreenSQA.AiMaps.CustomLogic.SmartMap+GreenHeart" name="ValidarDisponibilidad" time="16.731" />
    <testcase classname="GreenSQA.AiMaps.CustomLogic.SmartMap+GreenHeart" name="Chatbot" time="5.226" />
    <testcase classname="GreenSQA.AiMaps.CustomLogic.SmartMap+GreenHeart" name="Menu" time="1.75" />
    <testcase classname="GreenSQA.AiMaps.CustomLogic.SmartMap+GreenHeart" name="TuFactura" time="12.994">
      <failure message="No se puede escribir" type="ERROR">
      </failure>
    </testcase>
    <testcase classname="GreenSQA.AiMaps.CustomLogic.SmartMap+GreenHeart" name="ValidarDisponibilidad" time="4.873" />
    <testcase classname="GreenSQA.AiMaps.CustomLogic.SmartMap+GreenHeart" name="Chatbot" time="7.351" />
    <testcase classname="GreenSQA.AiMaps.CustomLogic.SmartMap+GreenHeart" name="Menu" time="1.772" />
    <testcase classname="GreenSQA.AiMaps.CustomLogic.SmartMap+GreenHeart" name="TuFactura" time="15.489" />
    <testcase classname="GreenSQA.AiMaps.CustomLogic.SmartMap+GreenHeart" name="ValidarDisponibilidad" time="6.315" />
    <testcase classname="GreenSQA.AiMaps.CustomLogic.SmartMap+GreenHeart" name="Chatbot" time="4.563" />
    <testcase classname="GreenSQA.AiMaps.CustomLogic.SmartMap+GreenHeart" name="Menu" time="1.742" />
    <testcase classname="GreenSQA.AiMaps.CustomLogic.SmartMap+GreenHeart" name="TuFactura" time="5.051" />
  </testsuite>
</testsuites>