<testsuites>
  <testsuite name="ICBS">
    <testcase classname="GreenSQA.AiMaps.CustomLogic.SmartMap+Monitor" name="Login" time="0.414" />
    <testcase classname="GreenSQA.AiMaps.CustomLogic.SmartMap+Monitor" name="Login" time="11.096" />
    <testcase classname="GreenSQA.AiMaps.CustomLogic.SmartMap+Monitor" name="Login" time="21.373">
      <failure message="Error (Login).(EscribirClave).SeClear() -- Action not executed for the element By.Id: xXSignonPswd - El índice estaba fuera del intervalo. Debe ser un valor no negativo e inferior al tamaño de la colección.Nombre del parámetro: index " type="ERROR">
      </failure>
    </testcase>
    <testcase classname="GreenSQA.AiMaps.CustomLogic.SmartMap+Monitor" name="ConsultarEmpresa" time="12.015">
      <failure message="Error (ConsultarEmpresa).(ClicTransacciones).SeClick() -- Action not executed for the element By.XPath: //span[@class = 'ui-menu-h3-text'] - Timeout reached or element not displayed " type="ERROR">
      </failure>
    </testcase>
    <testcase classname="GreenSQA.AiMaps.CustomLogic.SmartMap+Monitor" name="ValidarInformacionPago" time="12.019">
      <failure message="Error (ValidarInformacionPago).(SeleccionarEmpresa).SeClick() -- Action not executed for the element By.XPath: //div[@class = 'dinamicRadio custom-control custom-radio ratioList ratioElement-1'] - El índice estaba fuera del intervalo. Debe ser un valor no negativo e inferior al tamaño de la colección.Nombre del parámetro: index " type="ERROR">
      </failure>
    </testcase>
    <testcase classname="GreenSQA.AiMaps.CustomLogic.SmartMap+Monitor" name="RealizarPago" time="15.163">
      <failure message="Error (RealizarPago).(ClicTipoProducto).SeClick() -- Action not executed for the element By.XPath: //span[@class = 'multiselect__single'] - The page seems to be hang up while searching elements in 12000 milliseconds " type="ERROR">
      </failure>
    </testcase>
    <testcase classname="GreenSQA.AiMaps.CustomLogic.SmartMap+Monitor" name="Login" time="9.036" />
    <testcase classname="GreenSQA.AiMaps.CustomLogic.SmartMap+Monitor" name="ConsultarEmpresa" time="30.475" />
    <testcase classname="GreenSQA.AiMaps.CustomLogic.SmartMap+Monitor" name="ValidarInformacionPago" time="1.861" />
    <testcase classname="GreenSQA.AiMaps.CustomLogic.SmartMap+Monitor" name="RealizarPago" time="1.996" />
    <testcase classname="GreenSQA.AiMaps.CustomLogic.SmartMap+Monitor" name="A_Login" time="17.946">
      <failure message="Error (Login).(CerrarPropaganda).SeClick() -- Action not executed for the element By.XPath: //div[@title = 'Close'] - El índice estaba fuera del intervalo. Debe ser un valor no negativo e inferior al tamaño de la colección.Nombre del parámetro: index " type="ERROR">
      </failure>
    </testcase>
    <testcase classname="GreenSQA.AiMaps.CustomLogic.SmartMap+Monitor" name="A_Login" time="30.366" />
    <testcase classname="GreenSQA.AiMaps.CustomLogic.SmartMap+Monitor" name="B_ConsultarEmpresa" time="23.937" />
    <testcase classname="GreenSQA.AiMaps.CustomLogic.SmartMap+Monitor" name="C_ValidarInformacionPago" time="3.779" />
    <testcase classname="GreenSQA.AiMaps.CustomLogic.SmartMap+Monitor" name="D_RealizarPago" time="2.001" />
    <testcase classname="GreenSQA.AiMaps.CustomLogic.SmartMap+Monitor" name="E_Logout" time="1.458" />
  </testsuite>
</testsuites>