<testsuites>
  <testsuite name="ICBS">
    <testcase classname="GreenSQA.AiMaps.CustomLogic.SmartMap+Monitor" name="Login" time="0.414" />
    <testcase classname="GreenSQA.AiMaps.CustomLogic.SmartMap+Monitor" name="Login" time="11.096" />
    <testcase classname="GreenSQA.AiMaps.CustomLogic.SmartMap+Monitor" name="Login" time="21.373">
      <failure message="Error (Login).(EscribirClave).SeClear() -- Action not executed for the element By.Id: xXSignonPswd - El índice estaba fuera del intervalo. Debe ser un valor no negativo e inferior al tamaño de la colección.Nombre del parámetro: index " type="ERROR">
      </failure>
    </testcase>
    <testcase classname="GreenSQA.AiMaps.CustomLogic.SmartMap+Monitor" name="ConsultarEmpresa" time="12.015">
      <failure message="Error (ConsultarEmpresa).(ClicTransacciones).SeClick() -- Action not executed for the element By.XPath: //span[@class = 'ui-menu-h3-text'] - Timeout reached or element not displayed " type="ERROR">
      </failure>
    </testcase>
    <testcase classname="GreenSQA.AiMaps.CustomLogic.SmartMap+Monitor" name="ValidarInformacionPago" time="12.019">
      <failure message="Error (ValidarInformacionPago).(SeleccionarEmpresa).SeClick() -- Action not executed for the element By.XPath: //div[@class = 'dinamicRadio custom-control custom-radio ratioList ratioElement-1'] - El índice estaba fuera del intervalo. Debe ser un valor no negativo e inferior al tamaño de la colección.Nombre del parámetro: index " type="ERROR">
      </failure>
    </testcase>
    <testcase classname="GreenSQA.AiMaps.CustomLogic.SmartMap+Monitor" name="RealizarPago" time="15.163">
      <failure message="Error (RealizarPago).(ClicTipoProducto).SeClick() -- Action not executed for the element By.XPath: //span[@class = 'multiselect__single'] - The page seems to be hang up while searching elements in 12000 milliseconds " type="ERROR">
      </failure>
    </testcase>
    <testcase classname="GreenSQA.AiMaps.CustomLogic.SmartMap+Monitor" name="Login" time="9.036" />
    <testcase classname="GreenSQA.AiMaps.CustomLogic.SmartMap+Monitor" name="ConsultarEmpresa" time="30.475" />
    <testcase classname="GreenSQA.AiMaps.CustomLogic.SmartMap+Monitor" name="ValidarInformacionPago" time="1.861" />
    <testcase classname="GreenSQA.AiMaps.CustomLogic.SmartMap+Monitor" name="RealizarPago" time="1.996" />
    <testcase classname="GreenSQA.AiMaps.CustomLogic.SmartMap+Monitor" name="A_Login" time="17.946">
      <failure message="Error (Login).(CerrarPropaganda).SeClick() -- Action not executed for the element By.XPath: //div[@title = 'Close'] - El índice estaba fuera del intervalo. Debe ser un valor no negativo e inferior al tamaño de la colección.Nombre del parámetro: index " type="ERROR">
      </failure>
    </testcase>
    <testcase classname="GreenSQA.AiMaps.CustomLogic.SmartMap+Monitor" name="A_Login" time="30.366" />
    <testcase classname="GreenSQA.AiMaps.CustomLogic.SmartMap+Monitor" name="B_ConsultarEmpresa" time="23.937" />
    <testcase classname="GreenSQA.AiMaps.CustomLogic.SmartMap+Monitor" name="C_ValidarInformacionPago" time="3.779" />
    <testcase classname="GreenSQA.AiMaps.CustomLogic.SmartMap+Monitor" name="D_RealizarPago" time="2.001" />
    <testcase classname="GreenSQA.AiMaps.CustomLogic.SmartMap+Monitor" name="E_Logout" time="1.458" />
    <testcase classname="GreenSQA.AiMaps.CustomLogic.SmartMap+Monitor" name="A_Login" time="23.033">
      <failure message="Error (Login).(EscribirUsuario).SeClear() -- Action not executed for the element By.Id: CustLoginID - The page seems to be hang up while searching elements in 12000 milliseconds " type="ERROR">
      </failure>
    </testcase>
    <testcase classname="GreenSQA.AiMaps.CustomLogic.SmartMap+Monitor" name="E_Logout" time="12.215">
      <failure message="Error (Logout).(ClicLogout).SeClick() -- Action not executed for the element By.XPath: //span[@class = 'session-close-label'] - The page seems to be hang up while searching elements in 12000 milliseconds " type="ERROR">
      </failure>
    </testcase>
    <testcase classname="GreenSQA.AiMaps.CustomLogic.SmartMap+Monitor" name="A_Login" time="23.352">
      <failure message="Error (Login).(EscribirUsuario).SeClear() -- Action not executed for the element By.Id: CustLoginID - The page seems to be hang up while searching elements in 12000 milliseconds " type="ERROR">
      </failure>
    </testcase>
    <testcase classname="GreenSQA.AiMaps.CustomLogic.SmartMap+Monitor" name="E_Logout" time="12.173">
      <failure message="Error (Logout).(ClicLogout).SeClick() -- Action not executed for the element By.XPath: //span[@class = 'session-close-label'] - The page seems to be hang up while searching elements in 12000 milliseconds " type="ERROR">
      </failure>
    </testcase>
    <testcase classname="GreenSQA.AiMaps.CustomLogic.SmartMap+Monitor" name="A_Login" time="52.412">
      <failure message="No se pudo completar el proceso de Login" type="ERROR">
      </failure>
    </testcase>
    <testcase classname="GreenSQA.AiMaps.CustomLogic.SmartMap+Monitor" name="E_Logout" time="12.025">
      <failure message="Error (Logout).(ClicLogout).SeClick() -- Action not executed for the element By.XPath: //span[@class = 'session-close-label'] - El índice estaba fuera del intervalo. Debe ser un valor no negativo e inferior al tamaño de la colección.Nombre del parámetro: index " type="ERROR">
      </failure>
    </testcase>
    <testcase classname="GreenSQA.AiMaps.CustomLogic.SmartMap+Monitor" name="A_Login" time="29.73" />
    <testcase classname="GreenSQA.AiMaps.CustomLogic.SmartMap+Monitor" name="B_ConsultarEmpresa" time="16.956">
      <failure message="Error (ConsultarEmpresa).(ClicPagosInscripciones).SeClick() -- Action not executed for the element By.Name: tabVueComponent - element click intercepted: Element &lt;a id=&quot;vueTab-1&quot; name=&quot;tabVueComponent&quot; type=&quot;hidden&quot; class=&quot;tab-item  &quot;&gt;...&lt;/a&gt; is not clickable at point (338, 192). Other element would receive the click: &lt;div class=&quot;position-absolute bg-light rounded-sm&quot; style=&quot;inset: 0px; opacity: 0.85; backdrop-filter: blur(2px);&quot;&gt;&lt;/div&gt;  (Session info: chrome=105.0.5195.102) " type="ERROR">
      </failure>
    </testcase>
    <testcase classname="GreenSQA.AiMaps.CustomLogic.SmartMap+Monitor" name="E_Logout" time="7.456" />
    <testcase classname="GreenSQA.AiMaps.CustomLogic.SmartMap+Monitor" name="A_Login" time="38.496" />
    <testcase classname="GreenSQA.AiMaps.CustomLogic.SmartMap+Monitor" name="B_ConsultarEmpresa" time="21.964" />
    <testcase classname="GreenSQA.AiMaps.CustomLogic.SmartMap+Monitor" name="C_ValidarInformacionPago" time="20.24">
      <failure message="No se pude obtener la información de pago para la factura solicitada" type="ERROR">
      </failure>
    </testcase>
    <testcase classname="GreenSQA.AiMaps.CustomLogic.SmartMap+Monitor" name="E_Logout" time="6.471" />
    <testcase classname="GreenSQA.AiMaps.CustomLogic.SmartMap+Monitor" name="A_Login" time="21.064" />
    <testcase classname="GreenSQA.AiMaps.CustomLogic.SmartMap+Monitor" name="B_ConsultarEmpresa" time="14.463" />
    <testcase classname="GreenSQA.AiMaps.CustomLogic.SmartMap+Monitor" name="C_ValidarInformacionPago" time="30.691">
      <failure message="No se pude obtener la información de pago para la factura solicitada" type="ERROR">
      </failure>
    </testcase>
    <testcase classname="GreenSQA.AiMaps.CustomLogic.SmartMap+Monitor" name="E_Logout" time="1.483" />
    <testcase classname="GreenSQA.AiMaps.CustomLogic.SmartMap+Monitor" name="A_Login" time="21.451" />
    <testcase classname="GreenSQA.AiMaps.CustomLogic.SmartMap+Monitor" name="B_ConsultarEmpresa" time="24.184" />
    <testcase classname="GreenSQA.AiMaps.CustomLogic.SmartMap+Monitor" name="C_ValidarInformacionPago" time="33.66">
      <failure message="No se pude obtener la información de pago para la factura solicitada" type="ERROR">
      </failure>
    </testcase>
    <testcase classname="GreenSQA.AiMaps.CustomLogic.SmartMap+Monitor" name="E_Logout" time="4.329" />
    <testcase classname="GreenSQA.AiMaps.CustomLogic.SmartMap+Monitor" name="A_Login" time="36.798" />
    <testcase classname="GreenSQA.AiMaps.CustomLogic.SmartMap+Monitor" name="B_ConsultarEmpresa" time="35.705">
      <failure message="Error (ConsultarEmpresa).(ClicPagoSinInscripcion).SeClick() -- Action not executed for the element By.XPath: //button[@class = 'btn btn-m ml-3 buttonPopOtherTx one-line size-new-service hide-print ui-button-pay btn-success'] - The page seems to be hang up while searching elements in 30000 milliseconds " type="ERROR">
      </failure>
    </testcase>
    <testcase classname="GreenSQA.AiMaps.CustomLogic.SmartMap+Monitor" name="E_Logout" time="2.192" />
    <testcase classname="GreenSQA.AiMaps.CustomLogic.SmartMap+Monitor" name="A_Login" time="15.115" />
    <testcase classname="GreenSQA.AiMaps.CustomLogic.SmartMap+Monitor" name="B_ConsultarEmpresa" time="39.466">
      <failure message="Error (ConsultarEmpresa).(ClicPagoSinInscripcion).SeClick() -- Action not executed for the element By.XPath: //button[@class = 'btn btn-m ml-3 buttonPopOtherTx one-line size-new-service hide-print ui-button-pay btn-success'] - The page seems to be hang up while searching elements in 30000 milliseconds " type="ERROR">
      </failure>
    </testcase>
    <testcase classname="GreenSQA.AiMaps.CustomLogic.SmartMap+Monitor" name="E_Logout" time="1.608" />
    <testcase classname="GreenSQA.AiMaps.CustomLogic.SmartMap+Monitor" name="A_Login" time="37.342" />
    <testcase classname="GreenSQA.AiMaps.CustomLogic.SmartMap+Monitor" name="B_ConsultarEmpresa" time="40.849">
      <failure message="Error (ConsultarEmpresa).(ClicPagoSinInscripcion).SeClick() -- Action not executed for the element By.XPath: //button[@class = 'btn btn-m ml-3 buttonPopOtherTx one-line size-new-service hide-print ui-button-pay btn-success'] - The page seems to be hang up while searching elements in 30000 milliseconds " type="ERROR">
      </failure>
    </testcase>
    <testcase classname="GreenSQA.AiMaps.CustomLogic.SmartMap+Monitor" name="E_Logout" time="4.998" />
    <testcase classname="GreenSQA.AiMaps.CustomLogic.SmartMap+Monitor" name="A_Login" time="28.944">
      <failure message="Error (Login).(EscribirClave).SeClear() -- Action not executed for the element By.Id: xXSignonPswd - El índice estaba fuera del intervalo. Debe ser un valor no negativo e inferior al tamaño de la colección.Nombre del parámetro: index " type="ERROR">
      </failure>
    </testcase>
    <testcase classname="GreenSQA.AiMaps.CustomLogic.SmartMap+Monitor" name="E_Logout" time="60.012">
      <failure message="Error (Logout).(ClicLogout).SeClick() -- Action not executed for the element By.XPath: //span[@class = 'session-close-label'] - El índice estaba fuera del intervalo. Debe ser un valor no negativo e inferior al tamaño de la colección.Nombre del parámetro: index " type="ERROR">
      </failure>
    </testcase>
    <testcase classname="GreenSQA.AiMaps.CustomLogic.SmartMap+Monitor" name="A_Login" time="16.498" />
    <testcase classname="GreenSQA.AiMaps.CustomLogic.SmartMap+Monitor" name="B_ConsultarEmpresa" time="22.052" />
    <testcase classname="GreenSQA.AiMaps.CustomLogic.SmartMap+Monitor" name="C_ValidarInformacionPago" time="3.821" />
    <testcase classname="GreenSQA.AiMaps.CustomLogic.SmartMap+Monitor" name="D_RealizarPago" time="13.663" />
    <testcase classname="GreenSQA.AiMaps.CustomLogic.SmartMap+Monitor" name="E_Logout" time="5.984" />
    <testcase classname="GreenSQA.AiMaps.CustomLogic.SmartMap+Monitor" name="A_Login" time="44.864" />
    <testcase classname="GreenSQA.AiMaps.CustomLogic.SmartMap+Monitor" name="B_ConsultarEmpresa" time="36.715">
      <failure message="Error (ConsultarEmpresa).(ClicPagoSinInscripcion).SeClick() -- Action not executed for the element By.XPath: //button[@class = 'btn btn-m ml-3 buttonPopOtherTx one-line size-new-service hide-print ui-button-pay btn-success'] - The page seems to be hang up while searching elements in 30000 milliseconds " type="ERROR">
      </failure>
    </testcase>
    <testcase classname="GreenSQA.AiMaps.CustomLogic.SmartMap+Monitor" name="E_Logout" time="5.664" />
    <testcase classname="GreenSQA.AiMaps.CustomLogic.SmartMap+Monitor" name="A_Login" time="56.745" />
    <testcase classname="GreenSQA.AiMaps.CustomLogic.SmartMap+Monitor" name="B_ConsultarEmpresa" time="36.274">
      <failure message="Error (ConsultarEmpresa).(ClicPagoSinInscripcion).SeClick() -- Action not executed for the element By.XPath: //button[@class = 'btn btn-m ml-3 buttonPopOtherTx one-line size-new-service hide-print ui-button-pay btn-success'] - The page seems to be hang up while searching elements in 30000 milliseconds " type="ERROR">
      </failure>
    </testcase>
    <testcase classname="GreenSQA.AiMaps.CustomLogic.SmartMap+Monitor" name="E_Logout" time="6.03" />
    <testcase classname="GreenSQA.AiMaps.CustomLogic.SmartMap+Monitor" name="A_Login" time="35.622">
      <failure message="Error (Login).(EscribirUsuario).SeClear() -- Action not executed for the element By.Id: CustLoginID - El índice estaba fuera del intervalo. Debe ser un valor no negativo e inferior al tamaño de la colección.Nombre del parámetro: index " type="ERROR">
      </failure>
    </testcase>
    <testcase classname="GreenSQA.AiMaps.CustomLogic.SmartMap+Monitor" name="E_Logout" time="60.012">
      <failure message="Error (Logout).(ClicLogout).SeClick() -- Action not executed for the element By.XPath: //span[@class = 'session-close-label'] - El índice estaba fuera del intervalo. Debe ser un valor no negativo e inferior al tamaño de la colección.Nombre del parámetro: index " type="ERROR">
      </failure>
    </testcase>
    <testcase classname="GreenSQA.AiMaps.CustomLogic.SmartMap+Monitor" name="A_Login" time="25.269" />
    <testcase classname="GreenSQA.AiMaps.CustomLogic.SmartMap+Monitor" name="B_ConsultarEmpresa" time="36.454">
      <failure message="Error (ConsultarEmpresa).(ClicPagoSinInscripcion).SeClick() -- Action not executed for the element By.XPath: //button[@class = 'btn btn-m ml-3 buttonPopOtherTx one-line size-new-service hide-print ui-button-pay btn-success'] - The page seems to be hang up while searching elements in 30000 milliseconds " type="ERROR">
      </failure>
    </testcase>
    <testcase classname="GreenSQA.AiMaps.CustomLogic.SmartMap+Monitor" name="E_Logout" time="7.518" />
    <testcase classname="GreenSQA.AiMaps.CustomLogic.SmartMap+Monitor" name="A_Login" time="48.918" />
    <testcase classname="GreenSQA.AiMaps.CustomLogic.SmartMap+Monitor" name="B_ConsultarEmpresa" time="20.468" />
    <testcase classname="GreenSQA.AiMaps.CustomLogic.SmartMap+Monitor" name="C_ValidarInformacionPago" time="3.731" />
    <testcase classname="GreenSQA.AiMaps.CustomLogic.SmartMap+Monitor" name="D_RealizarPago" time="4.381" />
    <testcase classname="GreenSQA.AiMaps.CustomLogic.SmartMap+Monitor" name="E_Logout" time="6.797" />
    <testcase classname="GreenSQA.AiMaps.CustomLogic.SmartMap+Monitor" name="A_Login" time="63.57">
      <failure message="Error (Login).(EscribirClave).SeClear() -- Action not executed for the element By.Id: xXSignonPswd - El índice estaba fuera del intervalo. Debe ser un valor no negativo e inferior al tamaño de la colección.Nombre del parámetro: index " type="ERROR">
      </failure>
    </testcase>
    <testcase classname="GreenSQA.AiMaps.CustomLogic.SmartMap+Monitor" name="E_Logout" time="60.012">
      <failure message="Error (Logout).(ClicLogout).SeClick() -- Action not executed for the element By.XPath: //span[@class = 'session-close-label'] - El índice estaba fuera del intervalo. Debe ser un valor no negativo e inferior al tamaño de la colección.Nombre del parámetro: index " type="ERROR">
      </failure>
    </testcase>
    <testcase classname="GreenSQA.AiMaps.CustomLogic.SmartMap+Monitor" name="A_Login" time="41.831">
      <failure message="Ejecución abortada por el usuario!" type="ERROR">
      </failure>
    </testcase>
    <testcase classname="GreenSQA.AiMaps.CustomLogic.SmartMap+Monitor" name="E_Logout" time="0.004">
      <failure message="Ejecución abortada por el usuario!" type="ERROR">
      </failure>
    </testcase>
    <testcase classname="GreenSQA.AiMaps.CustomLogic.SmartMap+Monitor" name="A_Login" time="32.607" />
    <testcase classname="GreenSQA.AiMaps.CustomLogic.SmartMap+Monitor" name="B_ConsultarEmpresa" time="14.356" />
    <testcase classname="GreenSQA.AiMaps.CustomLogic.SmartMap+Monitor" name="C_ValidarInformacionPago" time="3.715" />
    <testcase classname="GreenSQA.AiMaps.CustomLogic.SmartMap+Monitor" name="D_RealizarPago" time="4.8" />
    <testcase classname="GreenSQA.AiMaps.CustomLogic.SmartMap+Monitor" name="E_Logout" time="7.419" />
    <testcase classname="GreenSQA.AiMaps.CustomLogic.SmartMap+Monitor" name="A_Login" time="31.063" />
    <testcase classname="GreenSQA.AiMaps.CustomLogic.SmartMap+Monitor" name="B_ConsultarEmpresa" time="20.94" />
    <testcase classname="GreenSQA.AiMaps.CustomLogic.SmartMap+Monitor" name="C_ValidarInformacionPago" time="3.745" />
    <testcase classname="GreenSQA.AiMaps.CustomLogic.SmartMap+Monitor" name="D_RealizarPago" time="4.424" />
    <testcase classname="GreenSQA.AiMaps.CustomLogic.SmartMap+Monitor" name="E_Logout" time="35.088" />
    <testcase classname="GreenSQA.AiMaps.CustomLogic.SmartMap+Monitor" name="A_Login" time="35.839" />
    <testcase classname="GreenSQA.AiMaps.CustomLogic.SmartMap+Monitor" name="B_ConsultarEmpresa" time="19.602" />
    <testcase classname="GreenSQA.AiMaps.CustomLogic.SmartMap+Monitor" name="C_ValidarInformacionPago" time="3.779" />
    <testcase classname="GreenSQA.AiMaps.CustomLogic.SmartMap+Monitor" name="D_RealizarPago" time="4.513" />
    <testcase classname="GreenSQA.AiMaps.CustomLogic.SmartMap+Monitor" name="E_Logout" time="120.073">
      <failure message="No se puede dar clic en el botón de logout" type="ERROR">
      </failure>
    </testcase>
    <testcase classname="GreenSQA.AiMaps.CustomLogic.SmartMap+Monitor" name="A_Login" time="36.266" />
    <testcase classname="GreenSQA.AiMaps.CustomLogic.SmartMap+Monitor" name="B_ConsultarEmpresa" time="24.727" />
    <testcase classname="GreenSQA.AiMaps.CustomLogic.SmartMap+Monitor" name="C_ValidarInformacionPago" time="3.835" />
    <testcase classname="GreenSQA.AiMaps.CustomLogic.SmartMap+Monitor" name="D_RealizarPago" time="35.671">
      <failure message="No se pudo dar clic en pagar" type="ERROR">
      </failure>
    </testcase>
    <testcase classname="GreenSQA.AiMaps.CustomLogic.SmartMap+Monitor" name="E_Logout" time="8.573" />
    <testcase classname="GreenSQA.AiMaps.CustomLogic.SmartMap+Monitor" name="A_Login" time="10.398" />
    <testcase classname="GreenSQA.AiMaps.CustomLogic.SmartMap+Monitor" name="B_ConsultarEmpresa" time="53.654">
      <failure message="No se puede dar clic en pagos sin inscripción" type="ERROR">
      </failure>
    </testcase>
    <testcase classname="GreenSQA.AiMaps.CustomLogic.SmartMap+Monitor" name="E_Logout" time="10.16" />
    <testcase classname="GreenSQA.AiMaps.CustomLogic.SmartMap+Monitor" name="A_Login" time="20.89" />
    <testcase classname="GreenSQA.AiMaps.CustomLogic.SmartMap+Monitor" name="B_ConsultarEmpresa" time="14.942" />
    <testcase classname="GreenSQA.AiMaps.CustomLogic.SmartMap+Monitor" name="C_ValidarInformacionPago" time="3.803" />
    <testcase classname="GreenSQA.AiMaps.CustomLogic.SmartMap+Monitor" name="D_RealizarPago" time="16.322" />
    <testcase classname="GreenSQA.AiMaps.CustomLogic.SmartMap+Monitor" name="E_Logout" time="40.185" />
  </testsuite>
</testsuites>