<testsuites>
  <testsuite name="GreenSQA">
    <testcase classname="k" name="AutomatedTestCase" time="63821750331.563" />
    <testcase classname="k" name="AutomatedTestCase" time="638217503391.297" />
  </testsuite>
  <testsuite name="SuiteDescarCertificado">
    <testcase classname="GreenSQA.AiMaps.CustomLogic.SmartMap+Monitor" name="Login" time="4.552" />
    <testcase classname="GreenSQA.AiMaps.CustomLogic.SmartMap+Monitor" name="DescargaCertificado" time="52926.597" />
    <testcase classname="GreenSQA.AiMaps.CustomLogic.SmartMap+Monitor" name="DescargaCertificado" time="53886.824" />
    <testcase classname="GreenSQA.AiMaps.CustomLogic.SmartMap+Monitor" name="DescargaCertificado" time="14.655" />
    <testcase classname="GreenSQA.AiMaps.CustomLogic.SmartMap+Monitor" name="Login" time="6.298" />
    <testcase classname="GreenSQA.AiMaps.CustomLogic.SmartMap+Monitor" name="DescargaCertificado" time="75273.724" />
    <testcase classname="GreenSQA.AiMaps.CustomLogic.SmartMap+Monitor" name="DescargaCertificado" time="76237.215" />
    <testcase classname="GreenSQA.AiMaps.CustomLogic.SmartMap+Monitor" name="DescargaCertificado" time="20.971" />
    <testcase classname="GreenSQA.AiMaps.CustomLogic.SmartMap+Monitor" name="Login" time="4.411" />
    <testcase classname="GreenSQA.AiMaps.CustomLogic.SmartMap+Monitor" name="DescargaCertificado" time="5009.559" />
    <testcase classname="GreenSQA.AiMaps.CustomLogic.SmartMap+Monitor" name="DescargaCertificado" time="51157.466" />
    <testcase classname="GreenSQA.AiMaps.CustomLogic.SmartMap+Monitor" name="DescargaCertificado" time="16.621" />
  </testsuite>
</testsuites>